<?xml version="1.0" encoding="UTF-8" ?><testsuite errors="0" name="jasmine.specs" tests="3" failures="0" skipped="0" hostname="localhost" time="0.0" timestamp="2014-07-17T15:14:40"><testcase classname="jasmine" name="travels controllers tests should ...." time="0.0" failure="false"/><testcase classname="jasmine" name="travels services tests AddTravelService tests should set no error by default" time="0.0" failure="false"/><testcase classname="jasmine" name="travels services tests AddTravelService tests should show error when required" time="0.0" failure="false"/></testsuite>