<?xml version="1.0" encoding="UTF-8" ?><testsuite errors="0" name="jasmine.specs" tests="2" failures="0" skipped="0" hostname="localhost" time="0.0" timestamp="2014-07-15T15:10:43"><testcase classname="jasmine" name="travels controllers tests should ...." time="0.0" failure="false"/><testcase classname="jasmine" name="travels services tests should ...." time="0.0" failure="false"/></testsuite>