<?xml version="1.0" encoding="UTF-8"?>
<testsuite name="com.mytravels.persistence.integration.TravelRepositoryFindByTests" time="79.557" tests="4" errors="4" skipped="0" failures="0">
  <properties>
    <property name="java.runtime.name" value="Java(TM) SE Runtime Environment"/>
    <property name="sun.boot.library.path" value="C:\Program Files\Java\jdk1.8.0_05\jre\bin"/>
    <property name="java.vm.version" value="25.5-b02"/>
    <property name="java.vm.vendor" value="Oracle Corporation"/>
    <property name="java.vendor.url" value="http://java.oracle.com/"/>
    <property name="path.separator" value=";"/>
    <property name="guice.disable.misplaced.annotation.check" value="true"/>
    <property name="java.vm.name" value="Java HotSpot(TM) Client VM"/>
    <property name="file.encoding.pkg" value="sun.io"/>
    <property name="user.script" value=""/>
    <property name="user.country" value="FR"/>
    <property name="sun.java.launcher" value="SUN_STANDARD"/>
    <property name="sun.os.patch.level" value="Service Pack 1"/>
    <property name="java.vm.specification.name" value="Java Virtual Machine Specification"/>
    <property name="user.dir" value="C:\Agnes\workspace\myTravels"/>
    <property name="java.runtime.version" value="1.8.0_05-b13"/>
    <property name="java.awt.graphicsenv" value="sun.awt.Win32GraphicsEnvironment"/>
    <property name="java.endorsed.dirs" value="C:\Program Files\Java\jdk1.8.0_05\jre\lib\endorsed"/>
    <property name="os.arch" value="x86"/>
    <property name="java.io.tmpdir" value="C:\Users\adoueb\AppData\Local\Temp\"/>
    <property name="line.separator" value="&#10;"/>
    <property name="java.vm.specification.vendor" value="Oracle Corporation"/>
    <property name="user.variant" value=""/>
    <property name="os.name" value="Windows 7"/>
    <property name="classworlds.conf" value="C:\Agnes\java\apache-maven-3.1.1\bin\..\bin\m2.conf"/>
    <property name="sun.jnu.encoding" value="Cp1252"/>
    <property name="java.library.path" value="C:\Program Files\Java\jdk1.8.0_05\bin;C:\Windows\Sun\Java\bin;C:\Windows\system32;C:\Windows;C:\Windows\system32;C:\Windows;C:\Windows\System32\Wbem;C:\Windows\System32\WindowsPowerShell\v1.0\;C:\Program Files\TortoiseSVN\bin;C:\Program Files\doxygen\bin;C:\Program Files\QuickTime\QTSystem\;C:\Program Files\Java\jdk1.8.0_05\bin;C:\Agnes\java\apache-maven-3.1.1\bin;C:\Program Files\Heroku\bin;C:\Program Files\git\cmd;C:\Program Files\nodejs\;C:\Chocolatey\bin;C:\Agnes\java\gradle-1.10\bin;C:\Agnes\java\jetty-distribution-9.1.1.v20140108\bin;C:\Program Files\MongoDB 2.6 Standard\bin;C:\Users\adoueb\AppData\Roaming\npm;."/>
    <property name="java.specification.name" value="Java Platform API Specification"/>
    <property name="java.class.version" value="52.0"/>
    <property name="sun.management.compiler" value="HotSpot Client Compiler"/>
    <property name="os.version" value="6.1"/>
    <property name="user.home" value="C:\Users\adoueb"/>
    <property name="user.timezone" value="Europe/Paris"/>
    <property name="java.awt.printerjob" value="sun.awt.windows.WPrinterJob"/>
    <property name="java.specification.version" value="1.8"/>
    <property name="file.encoding" value="Cp1252"/>
    <property name="user.name" value="adoueb"/>
    <property name="java.class.path" value="C:\Agnes\java\apache-maven-3.1.1\bin\..\boot\plexus-classworlds-2.5.1.jar"/>
    <property name="org.slf4j.simpleLogger.defaultLogLevel" value="info"/>
    <property name="java.vm.specification.version" value="1.8"/>
    <property name="sun.arch.data.model" value="32"/>
    <property name="java.home" value="C:\Program Files\Java\jdk1.8.0_05\jre"/>
    <property name="sun.java.command" value="org.codehaus.plexus.classworlds.launcher.Launcher clean test"/>
    <property name="java.specification.vendor" value="Oracle Corporation"/>
    <property name="user.language" value="fr"/>
    <property name="awt.toolkit" value="sun.awt.windows.WToolkit"/>
    <property name="java.vm.info" value="mixed mode, sharing"/>
    <property name="java.version" value="1.8.0_05"/>
    <property name="java.ext.dirs" value="C:\Program Files\Java\jdk1.8.0_05\jre\lib\ext;C:\Windows\Sun\Java\lib\ext"/>
    <property name="sun.boot.class.path" value="C:\Program Files\Java\jdk1.8.0_05\jre\lib\resources.jar;C:\Program Files\Java\jdk1.8.0_05\jre\lib\rt.jar;C:\Program Files\Java\jdk1.8.0_05\jre\lib\sunrsasign.jar;C:\Program Files\Java\jdk1.8.0_05\jre\lib\jsse.jar;C:\Program Files\Java\jdk1.8.0_05\jre\lib\jce.jar;C:\Program Files\Java\jdk1.8.0_05\jre\lib\charsets.jar;C:\Program Files\Java\jdk1.8.0_05\jre\lib\jfr.jar;C:\Program Files\Java\jdk1.8.0_05\jre\classes"/>
    <property name="sun.stderr.encoding" value="cp850"/>
    <property name="java.vendor" value="Oracle Corporation"/>
    <property name="maven.home" value="C:\Agnes\java\apache-maven-3.1.1\bin\.."/>
    <property name="file.separator" value="\"/>
    <property name="java.vendor.url.bug" value="http://bugreport.sun.com/bugreport/"/>
    <property name="sun.cpu.endian" value="little"/>
    <property name="sun.io.unicode.encoding" value="UnicodeLittle"/>
    <property name="sun.stdout.encoding" value="cp850"/>
    <property name="sun.desktop" value="windows"/>
    <property name="sun.cpu.isalist" value="pentium_pro+mmx pentium_pro pentium+mmx pentium i486 i386 i86"/>
  </properties>
  <testcase name="thatFindByYearWorks" classname="com.mytravels.persistence.integration.TravelRepositoryFindByTests" time="19.773">
    <error message="Timed out while waiting to connect after 3283 ms; nested exception is com.mongodb.MongoTimeoutException: Timed out while waiting to connect after 3283 ms" type="org.springframework.dao.InvalidDataAccessResourceUsageException">org.springframework.dao.InvalidDataAccessResourceUsageException: Timed out while waiting to connect after 3283 ms; nested exception is com.mongodb.MongoTimeoutException: Timed out while waiting to connect after 3283 ms
	at com.mongodb.BaseCluster.getDescription(BaseCluster.java:114)
	at com.mongodb.DBTCPConnector.getClusterDescription(DBTCPConnector.java:396)
	at com.mongodb.DBTCPConnector.getType(DBTCPConnector.java:569)
	at com.mongodb.DBTCPConnector.getReplicaSetStatus(DBTCPConnector.java:364)
	at com.mongodb.Mongo.getReplicaSetStatus(Mongo.java:465)
	at com.mongodb.DB.getCommandReadPreference(DB.java:86)
	at com.mongodb.DB.command(DB.java:314)
	at com.mongodb.DB.command(DB.java:296)
	at com.mongodb.DB.command(DB.java:371)
	at com.mongodb.DB.command(DB.java:243)
	at com.mongodb.DBCollection.drop(DBCollection.java:1014)
	at com.mongodb.DBCollectionImpl.drop(DBCollectionImpl.java:285)
	at org.springframework.data.mongodb.core.MongoTemplate$6.doInCollection(MongoTemplate.java:464)
	at org.springframework.data.mongodb.core.MongoTemplate$6.doInCollection(MongoTemplate.java:462)
	at org.springframework.data.mongodb.core.MongoTemplate.execute(MongoTemplate.java:402)
	at org.springframework.data.mongodb.core.MongoTemplate.dropCollection(MongoTemplate.java:462)
	at com.mytravels.persistence.integration.TravelRepositoryFindByTests.setup(TravelRepositoryFindByTests.java:34)
</error>
    <system-out>11:31:59.196 [main] DEBUG o.s.t.c.s.DirtiesContextTestExecutionListener - After test class: context [DefaultTestContext@17b4f4c testClass = TravelRepositoryAnalyseCountriesIntegrationTests, testInstance = [null], testMethod = [null], testException = [null], mergedContextConfiguration = [MergedContextConfiguration@1a5fe33 testClass = TravelRepositoryAnalyseCountriesIntegrationTests, locations = '{}', classes = '{class com.mytravels.config.MongoConfigurationTest}', contextInitializerClasses = '[]', activeProfiles = '{}', contextLoader = 'org.springframework.test.context.support.DelegatingSmartContextLoader', parent = [null]]], dirtiesContext [false].
11:31:59.197 [main] DEBUG o.s.t.c.j.SpringJUnit4ClassRunner - SpringJUnit4ClassRunner constructor called with [class com.mytravels.persistence.integration.TravelRepositoryFindByTests].
11:31:59.198 [main] DEBUG o.s.t.c.s.AbstractDelegatingSmartContextLoader - Delegating to AnnotationConfigContextLoader to process context configuration [ContextConfigurationAttributes@1e8f619 declaringClass = 'com.mytravels.persistence.integration.TravelRepositoryFindByTests', locations = '{}', classes = '{class com.mytravels.config.MongoConfigurationTest}', inheritLocations = true, initializers = '{}', inheritInitializers = true, name = [null], contextLoaderClass = 'org.springframework.test.context.ContextLoader'].
11:31:59.198 [main] DEBUG o.s.test.context.ContextLoaderUtils - Could not find an 'annotation declaring class' for annotation type [org.springframework.test.context.ActiveProfiles] and class [com.mytravels.persistence.integration.TravelRepositoryFindByTests]
11:31:59.198 [main] DEBUG o.s.test.context.TestContextManager - @TestExecutionListeners is not present for class [class com.mytravels.persistence.integration.TravelRepositoryFindByTests]: using defaults.
11:31:59.198 [main] DEBUG o.s.t.annotation.ProfileValueUtils - Retrieved @ProfileValueSourceConfiguration [null] for test class [com.mytravels.persistence.integration.TravelRepositoryFindByTests]
11:31:59.199 [main] DEBUG o.s.t.annotation.ProfileValueUtils - Retrieved ProfileValueSource type [class org.springframework.test.annotation.SystemProfileValueSource] for class [com.mytravels.persistence.integration.TravelRepositoryFindByTests]
11:31:59.199 [main] DEBUG o.s.t.annotation.ProfileValueUtils - Retrieved @ProfileValueSourceConfiguration [null] for test class [com.mytravels.persistence.integration.TravelRepositoryFindByTests]
11:31:59.199 [main] DEBUG o.s.t.annotation.ProfileValueUtils - Retrieved ProfileValueSource type [class org.springframework.test.annotation.SystemProfileValueSource] for class [com.mytravels.persistence.integration.TravelRepositoryFindByTests]
11:31:59.199 [main] DEBUG o.s.t.annotation.ProfileValueUtils - Retrieved @ProfileValueSourceConfiguration [null] for test class [com.mytravels.persistence.integration.TravelRepositoryFindByTests]
11:31:59.199 [main] DEBUG o.s.t.annotation.ProfileValueUtils - Retrieved ProfileValueSource type [class org.springframework.test.annotation.SystemProfileValueSource] for class [com.mytravels.persistence.integration.TravelRepositoryFindByTests]
11:31:59.199 [main] DEBUG o.s.t.c.s.DependencyInjectionTestExecutionListener - Performing dependency injection for test context [[DefaultTestContext@b4bc72 testClass = TravelRepositoryFindByTests, testInstance = com.mytravels.persistence.integration.TravelRepositoryFindByTests@5ed836, testMethod = [null], testException = [null], mergedContextConfiguration = [MergedContextConfiguration@add4fb testClass = TravelRepositoryFindByTests, locations = '{}', classes = '{class com.mytravels.config.MongoConfigurationTest}', contextInitializerClasses = '[]', activeProfiles = '{}', contextLoader = 'org.springframework.test.context.support.DelegatingSmartContextLoader', parent = [null]]]].
11:31:59.200 [main] DEBUG o.s.t.c.CacheAwareContextLoaderDelegate - Retrieved ApplicationContext from cache with key [[MergedContextConfiguration@add4fb testClass = TravelRepositoryFindByTests, locations = '{}', classes = '{class com.mytravels.config.MongoConfigurationTest}', contextInitializerClasses = '[]', activeProfiles = '{}', contextLoader = 'org.springframework.test.context.support.DelegatingSmartContextLoader', parent = [null]]].
11:31:59.203 [main] DEBUG o.s.b.f.annotation.InjectionMetadata - Processing injected method of bean 'com.mytravels.persistence.integration.TravelRepositoryFindByTests': AutowiredFieldElement for com.mytravels.persistence.repository.TravelRepository com.mytravels.persistence.integration.TravelRepositoryFindByTests.travelRepository
11:31:59.203 [main] DEBUG o.s.b.f.s.DefaultListableBeanFactory - Returning cached instance of singleton bean 'travelRepository'
11:31:59.286 [main] DEBUG o.s.aop.framework.JdkDynamicAopProxy - Creating JDK dynamic proxy: target source is SingletonTargetSource for target object [org.springframework.data.mongodb.repository.support.SimpleMongoRepository@18162bc]
11:31:59.297 [main] DEBUG o.s.b.f.a.AutowiredAnnotationBeanPostProcessor - Autowiring by type from bean name 'com.mytravels.persistence.integration.TravelRepositoryFindByTests' to bean named 'travelRepository'
11:31:59.298 [main] DEBUG o.s.b.f.annotation.InjectionMetadata - Processing injected method of bean 'com.mytravels.persistence.integration.TravelRepositoryFindByTests': AutowiredFieldElement for org.springframework.data.mongodb.core.MongoOperations com.mytravels.persistence.integration.TravelRepositoryFindByTests.mongo
11:31:59.299 [main] DEBUG o.s.b.f.s.DefaultListableBeanFactory - Returning cached instance of singleton bean 'mongoTemplate'
11:31:59.299 [main] DEBUG o.s.b.f.a.AutowiredAnnotationBeanPostProcessor - Autowiring by type from bean name 'com.mytravels.persistence.integration.TravelRepositoryFindByTests' to bean named 'mongoTemplate'
11:31:59.304 [main] DEBUG o.s.data.mongodb.core.MongoDbUtils - Getting Mongo Database name=[mytravelstest]
11:32:09.313 [main] DEBUG o.s.data.mongodb.core.MongoDbUtils - Getting Mongo Database name=[mytravelstest]
11:32:19.316 [main] DEBUG o.s.t.c.s.DirtiesContextTestExecutionListener - After test method: context [DefaultTestContext@b4bc72 testClass = TravelRepositoryFindByTests, testInstance = com.mytravels.persistence.integration.TravelRepositoryFindByTests@5ed836, testMethod = thatFindByYearWorks@TravelRepositoryFindByTests, testException = org.junit.internal.runners.model.MultipleFailureException: There were 2 errors:
  org.springframework.dao.InvalidDataAccessResourceUsageException(Timed out while waiting to connect after 3283 ms; nested exception is com.mongodb.MongoTimeoutException: Timed out while waiting to connect after 3283 ms)
  org.springframework.dao.InvalidDataAccessResourceUsageException(Timed out while waiting to connect after 1275 ms; nested exception is com.mongodb.MongoTimeoutException: Timed out while waiting to connect after 1275 ms), mergedContextConfiguration = [MergedContextConfiguration@add4fb testClass = TravelRepositoryFindByTests, locations = '{}', classes = '{class com.mytravels.config.MongoConfigurationTest}', contextInitializerClasses = '[]', activeProfiles = '{}', contextLoader = 'org.springframework.test.context.support.DelegatingSmartContextLoader', parent = [null]]], class dirties context [false], class mode [null], method dirties context [false].
</system-out>
  </testcase>
  <testcase name="thatFindByYearWorks" classname="com.mytravels.persistence.integration.TravelRepositoryFindByTests" time="19.774">
    <error message="Timed out while waiting to connect after 1275 ms; nested exception is com.mongodb.MongoTimeoutException: Timed out while waiting to connect after 1275 ms" type="org.springframework.dao.InvalidDataAccessResourceUsageException">org.springframework.dao.InvalidDataAccessResourceUsageException: Timed out while waiting to connect after 1275 ms; nested exception is com.mongodb.MongoTimeoutException: Timed out while waiting to connect after 1275 ms
	at com.mongodb.BaseCluster.getDescription(BaseCluster.java:114)
	at com.mongodb.DBTCPConnector.getClusterDescription(DBTCPConnector.java:396)
	at com.mongodb.DBTCPConnector.getType(DBTCPConnector.java:569)
	at com.mongodb.DBTCPConnector.getReplicaSetStatus(DBTCPConnector.java:364)
	at com.mongodb.Mongo.getReplicaSetStatus(Mongo.java:465)
	at com.mongodb.DB.getCommandReadPreference(DB.java:86)
	at com.mongodb.DB.command(DB.java:314)
	at com.mongodb.DB.command(DB.java:296)
	at com.mongodb.DB.command(DB.java:371)
	at com.mongodb.DB.command(DB.java:243)
	at com.mongodb.DBCollection.drop(DBCollection.java:1014)
	at com.mongodb.DBCollectionImpl.drop(DBCollectionImpl.java:285)
	at org.springframework.data.mongodb.core.MongoTemplate$6.doInCollection(MongoTemplate.java:464)
	at org.springframework.data.mongodb.core.MongoTemplate$6.doInCollection(MongoTemplate.java:462)
	at org.springframework.data.mongodb.core.MongoTemplate.execute(MongoTemplate.java:402)
	at org.springframework.data.mongodb.core.MongoTemplate.dropCollection(MongoTemplate.java:462)
	at com.mytravels.persistence.integration.TravelRepositoryFindByTests.teardown(TravelRepositoryFindByTests.java:39)
</error>
  </testcase>
  <testcase name="thatFindByIdWorks" classname="com.mytravels.persistence.integration.TravelRepositoryFindByTests" time="20.005">
    <error message="Timed out while waiting to connect after 5282 ms; nested exception is com.mongodb.MongoTimeoutException: Timed out while waiting to connect after 5282 ms" type="org.springframework.dao.InvalidDataAccessResourceUsageException">org.springframework.dao.InvalidDataAccessResourceUsageException: Timed out while waiting to connect after 5282 ms; nested exception is com.mongodb.MongoTimeoutException: Timed out while waiting to connect after 5282 ms
	at com.mongodb.BaseCluster.getDescription(BaseCluster.java:114)
	at com.mongodb.DBTCPConnector.getClusterDescription(DBTCPConnector.java:396)
	at com.mongodb.DBTCPConnector.getType(DBTCPConnector.java:569)
	at com.mongodb.DBTCPConnector.getReplicaSetStatus(DBTCPConnector.java:364)
	at com.mongodb.Mongo.getReplicaSetStatus(Mongo.java:465)
	at com.mongodb.DB.getCommandReadPreference(DB.java:86)
	at com.mongodb.DB.command(DB.java:314)
	at com.mongodb.DB.command(DB.java:296)
	at com.mongodb.DB.command(DB.java:371)
	at com.mongodb.DB.command(DB.java:243)
	at com.mongodb.DBCollection.drop(DBCollection.java:1014)
	at com.mongodb.DBCollectionImpl.drop(DBCollectionImpl.java:285)
	at org.springframework.data.mongodb.core.MongoTemplate$6.doInCollection(MongoTemplate.java:464)
	at org.springframework.data.mongodb.core.MongoTemplate$6.doInCollection(MongoTemplate.java:462)
	at org.springframework.data.mongodb.core.MongoTemplate.execute(MongoTemplate.java:402)
	at org.springframework.data.mongodb.core.MongoTemplate.dropCollection(MongoTemplate.java:462)
	at com.mytravels.persistence.integration.TravelRepositoryFindByTests.setup(TravelRepositoryFindByTests.java:34)
</error>
    <system-out>11:32:19.321 [main] DEBUG o.s.t.annotation.ProfileValueUtils - Retrieved @ProfileValueSourceConfiguration [null] for test class [com.mytravels.persistence.integration.TravelRepositoryFindByTests]
11:32:19.322 [main] DEBUG o.s.t.annotation.ProfileValueUtils - Retrieved ProfileValueSource type [class org.springframework.test.annotation.SystemProfileValueSource] for class [com.mytravels.persistence.integration.TravelRepositoryFindByTests]
11:32:19.322 [main] DEBUG o.s.t.c.s.DependencyInjectionTestExecutionListener - Performing dependency injection for test context [[DefaultTestContext@b4bc72 testClass = TravelRepositoryFindByTests, testInstance = com.mytravels.persistence.integration.TravelRepositoryFindByTests@149f6af, testMethod = [null], testException = [null], mergedContextConfiguration = [MergedContextConfiguration@add4fb testClass = TravelRepositoryFindByTests, locations = '{}', classes = '{class com.mytravels.config.MongoConfigurationTest}', contextInitializerClasses = '[]', activeProfiles = '{}', contextLoader = 'org.springframework.test.context.support.DelegatingSmartContextLoader', parent = [null]]]].
11:32:19.323 [main] DEBUG o.s.t.c.CacheAwareContextLoaderDelegate - Retrieved ApplicationContext from cache with key [[MergedContextConfiguration@add4fb testClass = TravelRepositoryFindByTests, locations = '{}', classes = '{class com.mytravels.config.MongoConfigurationTest}', contextInitializerClasses = '[]', activeProfiles = '{}', contextLoader = 'org.springframework.test.context.support.DelegatingSmartContextLoader', parent = [null]]].
11:32:19.323 [main] DEBUG o.s.b.f.annotation.InjectionMetadata - Processing injected method of bean 'com.mytravels.persistence.integration.TravelRepositoryFindByTests': AutowiredFieldElement for com.mytravels.persistence.repository.TravelRepository com.mytravels.persistence.integration.TravelRepositoryFindByTests.travelRepository
11:32:19.323 [main] DEBUG o.s.b.f.s.DefaultListableBeanFactory - Returning cached instance of singleton bean 'travelRepository'
11:32:19.323 [main] DEBUG o.s.b.f.annotation.InjectionMetadata - Processing injected method of bean 'com.mytravels.persistence.integration.TravelRepositoryFindByTests': AutowiredFieldElement for org.springframework.data.mongodb.core.MongoOperations com.mytravels.persistence.integration.TravelRepositoryFindByTests.mongo
11:32:19.324 [main] DEBUG o.s.b.f.s.DefaultListableBeanFactory - Returning cached instance of singleton bean 'mongoTemplate'
11:32:19.324 [main] DEBUG o.s.data.mongodb.core.MongoDbUtils - Getting Mongo Database name=[mytravelstest]
11:32:29.326 [main] DEBUG o.s.data.mongodb.core.MongoDbUtils - Getting Mongo Database name=[mytravelstest]
11:32:39.328 [main] DEBUG o.s.t.c.s.DirtiesContextTestExecutionListener - After test method: context [DefaultTestContext@b4bc72 testClass = TravelRepositoryFindByTests, testInstance = com.mytravels.persistence.integration.TravelRepositoryFindByTests@149f6af, testMethod = thatFindByIdWorks@TravelRepositoryFindByTests, testException = org.junit.internal.runners.model.MultipleFailureException: There were 2 errors:
  org.springframework.dao.InvalidDataAccessResourceUsageException(Timed out while waiting to connect after 5282 ms; nested exception is com.mongodb.MongoTimeoutException: Timed out while waiting to connect after 5282 ms)
  org.springframework.dao.InvalidDataAccessResourceUsageException(Timed out while waiting to connect after 3269 ms; nested exception is com.mongodb.MongoTimeoutException: Timed out while waiting to connect after 3269 ms), mergedContextConfiguration = [MergedContextConfiguration@add4fb testClass = TravelRepositoryFindByTests, locations = '{}', classes = '{class com.mytravels.config.MongoConfigurationTest}', contextInitializerClasses = '[]', activeProfiles = '{}', contextLoader = 'org.springframework.test.context.support.DelegatingSmartContextLoader', parent = [null]]], class dirties context [false], class mode [null], method dirties context [false].
</system-out>
  </testcase>
  <testcase name="thatFindByIdWorks" classname="com.mytravels.persistence.integration.TravelRepositoryFindByTests" time="20.005">
    <error message="Timed out while waiting to connect after 3269 ms; nested exception is com.mongodb.MongoTimeoutException: Timed out while waiting to connect after 3269 ms" type="org.springframework.dao.InvalidDataAccessResourceUsageException">org.springframework.dao.InvalidDataAccessResourceUsageException: Timed out while waiting to connect after 3269 ms; nested exception is com.mongodb.MongoTimeoutException: Timed out while waiting to connect after 3269 ms
	at com.mongodb.BaseCluster.getDescription(BaseCluster.java:114)
	at com.mongodb.DBTCPConnector.getClusterDescription(DBTCPConnector.java:396)
	at com.mongodb.DBTCPConnector.getType(DBTCPConnector.java:569)
	at com.mongodb.DBTCPConnector.getReplicaSetStatus(DBTCPConnector.java:364)
	at com.mongodb.Mongo.getReplicaSetStatus(Mongo.java:465)
	at com.mongodb.DB.getCommandReadPreference(DB.java:86)
	at com.mongodb.DB.command(DB.java:314)
	at com.mongodb.DB.command(DB.java:296)
	at com.mongodb.DB.command(DB.java:371)
	at com.mongodb.DB.command(DB.java:243)
	at com.mongodb.DBCollection.drop(DBCollection.java:1014)
	at com.mongodb.DBCollectionImpl.drop(DBCollectionImpl.java:285)
	at org.springframework.data.mongodb.core.MongoTemplate$6.doInCollection(MongoTemplate.java:464)
	at org.springframework.data.mongodb.core.MongoTemplate$6.doInCollection(MongoTemplate.java:462)
	at org.springframework.data.mongodb.core.MongoTemplate.execute(MongoTemplate.java:402)
	at org.springframework.data.mongodb.core.MongoTemplate.dropCollection(MongoTemplate.java:462)
	at com.mytravels.persistence.integration.TravelRepositoryFindByTests.teardown(TravelRepositoryFindByTests.java:39)
</error>
  </testcase>
</testsuite>